2018-01-19 11:17:08 [INFO ] [BaseClass] - [openBrowser] Opening Chrome Browser
2018-01-19 11:17:16 [INFO ] [BaseClass] - [openBrowser] Opening Url https://qaapp.moolya.global
2018-01-19 11:17:16 [INFO ] [CommonMethods] - [click] Clicking on element ..... By.linkText: Forgot Password
2018-01-19 11:17:17 [INFO ] [SmokeTest] - [forgotPasswordFunc] Forgot Password page Verified successfully @2018-01-19 11:17:17.64
2018-01-19 11:17:17 [INFO ] [CommonMethods] - [findElementByPlaceHolderAndSendKeys] Entering value .....pradeep.dawaljee@raksan.in into the text box field....Email
2018-01-19 11:17:18 [INFO ] [CommonMethods] - [findElementByTextAndClick] Clicking on element with text.....Submit
2018-01-19 11:17:18 [INFO ] [CommonMethods] - [getPopUpNotificationMessage] getting text from the element  By.xpath: .//*[@id='toast-container']/div/div
2018-01-19 11:17:18 [INFO ] [CommonMethods] - [getElementText] getting text from the element  By.xpath: .//*[@id='toast-container']/div/div
2018-01-19 11:17:18 [INFO ] [CommonMethods] - [getPopUpNotificationMessage] getting text from the element  By.xpath: .//*[@id='toast-container']/div/div
2018-01-19 11:17:18 [INFO ] [CommonMethods] - [getElementText] getting text from the element  By.xpath: .//*[@id='toast-container']/div/div
2018-01-19 11:17:18 [INFO ] [CommonMethods] - [explicitWaitTillElementInvisible] Waiting maximum of 30 secs for element By.xpath: .//*[@id='toast-container']/div/div to be InVisible
2018-01-19 11:17:54 [INFO ] [CommonMethods] - [findElementByPlaceHolderAndSendKeys] Entering value .....dfdsfdfd into the text box field....Email
2018-01-19 11:17:54 [INFO ] [CommonMethods] - [findElementByTextAndClick] Clicking on element with text.....Submit
2018-01-19 11:17:55 [INFO ] [CommonMethods] - [getPopUpNotificationMessage] getting text from the element  By.xpath: .//*[@id='toast-container']/div/div
2018-01-19 11:17:55 [INFO ] [CommonMethods] - [getElementText] getting text from the element  By.xpath: .//*[@id='toast-container']/div/div
2018-01-19 11:17:55 [INFO ] [CommonMethods] - [getPopUpNotificationMessage] getting text from the element  By.xpath: .//*[@id='toast-container']/div/div
2018-01-19 11:17:55 [INFO ] [CommonMethods] - [getElementText] getting text from the element  By.xpath: .//*[@id='toast-container']/div/div
2018-01-19 11:17:55 [INFO ] [CommonMethods] - [explicitWaitTillElementInvisible] Waiting maximum of 30 secs for element By.xpath: .//*[@id='toast-container']/div/div to be InVisible
2018-01-19 11:18:31 [INFO ] [CommonMethods] - [click] Clicking on element ..... By.linkText: Login
2018-01-19 11:18:32 [INFO ] [CommonMethods] - [clear] Clearing the textbox field.....By.name: userName
2018-01-19 11:18:33 [INFO ] [CommonMethods] - [sendKeys] Entering value.... into the textbox field....By.name: userName
2018-01-19 11:18:33 [INFO ] [CommonMethods] - [clear] Clearing the textbox field.....By.name: Password
2018-01-19 11:18:34 [INFO ] [CommonMethods] - [sendKeys] Entering value....MoolyaAdmin@123 into the textbox field....By.name: Password
2018-01-19 11:18:35 [INFO ] [CommonMethods] - [findElementByTextAndClick] Clicking on element with text.....Sign in
2018-01-19 11:18:36 [INFO ] [CommonMethods] - [getPopUpNotificationMessage] getting text from the element  By.xpath: .//*[@id='toast-container']/div/div
2018-01-19 11:18:36 [INFO ] [CommonMethods] - [getElementText] getting text from the element  By.xpath: .//*[@id='toast-container']/div/div
2018-01-19 11:18:36 [INFO ] [CommonMethods] - [explicitWaitTillElementInvisible] Waiting maximum of 30 secs for element By.xpath: .//*[@id='toast-container']/div/div to be InVisible
2018-01-19 11:19:12 [INFO ] [CommonMethods] - [clear] Clearing the textbox field.....By.name: userName
2018-01-19 11:19:13 [INFO ] [CommonMethods] - [sendKeys] Entering value....platformadmin@moolya.global into the textbox field....By.name: userName
2018-01-19 11:19:14 [INFO ] [CommonMethods] - [clear] Clearing the textbox field.....By.name: Password
2018-01-19 11:19:15 [INFO ] [CommonMethods] - [sendKeys] Entering value....MoolyaAdmin@123 into the textbox field....By.name: Password
2018-01-19 11:19:15 [INFO ] [CommonMethods] - [findElementByTextAndClick] Clicking on element with text.....Sign in
2018-01-19 11:19:17 [INFO ] [SmokeTest] - [loginFunc] Landing Page Verified successfully
2018-01-19 15:08:32 [INFO ] [BaseClass] - [openBrowser] Opening Chrome Browser
2018-01-19 15:08:40 [INFO ] [BaseClass] - [openBrowser] Opening Url https://qaapp.moolya.global
2018-01-19 15:08:41 [INFO ] [CommonMethods] - [click] Clicking on element ..... By.linkText: Forgot Password
2018-01-19 15:08:42 [INFO ] [SmokeTest] - [forgotPasswordFunc] Forgot Password page Verified successfully @2018-01-19 15:08:42.022
2018-01-19 15:08:42 [INFO ] [CommonMethods] - [findElementByPlaceHolderAndSendKeys] Entering value .....pradeep.dawaljee@raksan.in into the text box field....Email
2018-01-19 15:08:42 [INFO ] [CommonMethods] - [findElementByTextAndClick] Clicking on element with text.....Submit
2018-01-19 15:08:43 [INFO ] [CommonMethods] - [getPopUpNotificationMessage] getting text from the element  By.xpath: .//*[@id='toast-container']/div/div
2018-01-19 15:08:43 [INFO ] [CommonMethods] - [getElementText] getting text from the element  By.xpath: .//*[@id='toast-container']/div/div
2018-01-19 15:08:43 [INFO ] [CommonMethods] - [getPopUpNotificationMessage] getting text from the element  By.xpath: .//*[@id='toast-container']/div/div
2018-01-19 15:08:43 [INFO ] [CommonMethods] - [getElementText] getting text from the element  By.xpath: .//*[@id='toast-container']/div/div
2018-01-19 15:08:43 [INFO ] [CommonMethods] - [explicitWaitTillElementInvisible] Waiting maximum of 30 secs for element By.xpath: .//*[@id='toast-container']/div/div to be InVisible
2018-01-19 15:09:09 [INFO ] [CommonMethods] - [compareWithExpectedElement] no such window: target window already closed
from unknown error: web view not found
  (Session info: chrome=63.0.3239.132)
  (Driver info: chromedriver=2.34.522940 (1a76f96f66e3ca7b8e57d503b4dd3bccfba87af1),platform=Windows NT 10.0.16299 x86_64) (WARNING: The server did not provide any stacktrace information)
Command duration or timeout: 0 milliseconds
Build info: version: '3.6.0', revision: '6fbf3ec767', time: '2017-09-27T15:28:36.4Z'
System info: host: 'RAKSAN-HP32', ip: '192.168.0.58', os.name: 'Windows 10', os.arch: 'amd64', os.version: '10.0', java.version: '1.8.0_74'
Driver info: org.openqa.selenium.chrome.ChromeDriver
Capabilities [{mobileEmulationEnabled=false, hasTouchScreen=false, platform=XP, acceptSslCerts=true, webStorageEnabled=true, browserName=chrome, takesScreenshot=true, javascriptEnabled=true, platformName=XP, setWindowRect=true, unexpectedAlertBehaviour=, applicationCacheEnabled=false, rotatable=false, networkConnectionEnabled=false, chrome={chromedriverVersion=2.34.522940 (1a76f96f66e3ca7b8e57d503b4dd3bccfba87af1), userDataDir=C:\Users\Pradeep\AppData\Local\Temp\scoped_dir12688_5681}, takesHeapSnapshot=true, pageLoadStrategy=normal, unhandledPromptBehavior=, databaseEnabled=false, handlesAlerts=true, version=63.0.3239.132, browserConnectionEnabled=false, nativeEvents=true, locationContextEnabled=true, cssSelectorsEnabled=true}]
Session ID: c58f5a8222267bd87a6379bb694d026e
*** Element info: {Using=xpath, value=.//*[text()='Login']}
2018-01-19 15:09:09 [ERROR] [CommonMethods] - [compareWithExpectedElement] Expected value not present in the webpageno such window: target window already closed
from unknown error: web view not found
  (Session info: chrome=63.0.3239.132)
  (Driver info: chromedriver=2.34.522940 (1a76f96f66e3ca7b8e57d503b4dd3bccfba87af1),platform=Windows NT 10.0.16299 x86_64) (WARNING: The server did not provide any stacktrace information)
Command duration or timeout: 0 milliseconds
Build info: version: '3.6.0', revision: '6fbf3ec767', time: '2017-09-27T15:28:36.4Z'
System info: host: 'RAKSAN-HP32', ip: '192.168.0.58', os.name: 'Windows 10', os.arch: 'amd64', os.version: '10.0', java.version: '1.8.0_74'
Driver info: org.openqa.selenium.chrome.ChromeDriver
Capabilities [{mobileEmulationEnabled=false, hasTouchScreen=false, platform=XP, acceptSslCerts=true, webStorageEnabled=true, browserName=chrome, takesScreenshot=true, javascriptEnabled=true, platformName=XP, setWindowRect=true, unexpectedAlertBehaviour=, applicationCacheEnabled=false, rotatable=false, networkConnectionEnabled=false, chrome={chromedriverVersion=2.34.522940 (1a76f96f66e3ca7b8e57d503b4dd3bccfba87af1), userDataDir=C:\Users\Pradeep\AppData\Local\Temp\scoped_dir12688_5681}, takesHeapSnapshot=true, pageLoadStrategy=normal, unhandledPromptBehavior=, databaseEnabled=false, handlesAlerts=true, version=63.0.3239.132, browserConnectionEnabled=false, nativeEvents=true, locationContextEnabled=true, cssSelectorsEnabled=true}]
Session ID: c58f5a8222267bd87a6379bb694d026e
*** Element info: {Using=xpath, value=.//*[text()='Login']}
2018-01-19 15:09:09 [ERROR] [CommonMethods] - [compareWithExpectedElement] no such window: target window already closed
from unknown error: web view not found
  (Session info: chrome=63.0.3239.132)
  (Driver info: chromedriver=2.34.522940 (1a76f96f66e3ca7b8e57d503b4dd3bccfba87af1),platform=Windows NT 10.0.16299 x86_64) (WARNING: The server did not provide any stacktrace information)
Command duration or timeout: 0 milliseconds
Build info: version: '3.6.0', revision: '6fbf3ec767', time: '2017-09-27T15:28:36.4Z'
System info: host: 'RAKSAN-HP32', ip: '192.168.0.58', os.name: 'Windows 10', os.arch: 'amd64', os.version: '10.0', java.version: '1.8.0_74'
Driver info: org.openqa.selenium.chrome.ChromeDriver
Capabilities [{mobileEmulationEnabled=false, hasTouchScreen=false, platform=XP, acceptSslCerts=true, webStorageEnabled=true, browserName=chrome, takesScreenshot=true, javascriptEnabled=true, platformName=XP, setWindowRect=true, unexpectedAlertBehaviour=, applicationCacheEnabled=false, rotatable=false, networkConnectionEnabled=false, chrome={chromedriverVersion=2.34.522940 (1a76f96f66e3ca7b8e57d503b4dd3bccfba87af1), userDataDir=C:\Users\Pradeep\AppData\Local\Temp\scoped_dir12688_5681}, takesHeapSnapshot=true, pageLoadStrategy=normal, unhandledPromptBehavior=, databaseEnabled=false, handlesAlerts=true, version=63.0.3239.132, browserConnectionEnabled=false, nativeEvents=true, locationContextEnabled=true, cssSelectorsEnabled=true}]
Session ID: c58f5a8222267bd87a6379bb694d026e
*** Element info: {Using=xpath, value=.//*[text()='Login']}
2018-01-19 15:09:33 [INFO ] [BaseClass] - [openBrowser] Opening Chrome Browser
2018-01-19 15:09:37 [INFO ] [BaseClass] - [openBrowser] Opening Url https://qaapp.moolya.global
2018-01-19 15:09:37 [INFO ] [CommonMethods] - [compareWithExpectedElement] no such window: target window already closed
from unknown error: web view not found
  (Session info: chrome=63.0.3239.132)
  (Driver info: chromedriver=2.34.522940 (1a76f96f66e3ca7b8e57d503b4dd3bccfba87af1),platform=Windows NT 10.0.16299 x86_64) (WARNING: The server did not provide any stacktrace information)
Command duration or timeout: 0 milliseconds
Build info: version: '3.6.0', revision: '6fbf3ec767', time: '2017-09-27T15:28:36.4Z'
System info: host: 'RAKSAN-HP32', ip: '192.168.0.58', os.name: 'Windows 10', os.arch: 'amd64', os.version: '10.0', java.version: '1.8.0_74'
Driver info: org.openqa.selenium.chrome.ChromeDriver
Capabilities [{mobileEmulationEnabled=false, hasTouchScreen=false, platform=XP, acceptSslCerts=true, webStorageEnabled=true, browserName=chrome, takesScreenshot=true, javascriptEnabled=true, platformName=XP, setWindowRect=true, unexpectedAlertBehaviour=, applicationCacheEnabled=false, rotatable=false, networkConnectionEnabled=false, chrome={chromedriverVersion=2.34.522940 (1a76f96f66e3ca7b8e57d503b4dd3bccfba87af1), userDataDir=C:\Users\Pradeep\AppData\Local\Temp\scoped_dir9400_31918}, takesHeapSnapshot=true, pageLoadStrategy=normal, unhandledPromptBehavior=, databaseEnabled=false, handlesAlerts=true, version=63.0.3239.132, browserConnectionEnabled=false, nativeEvents=true, locationContextEnabled=true, cssSelectorsEnabled=true}]
Session ID: c25af4a6feaae59d742a2027dd39e5e8
*** Element info: {Using=xpath, value=.//*[text()='Login']}
2018-01-19 15:09:37 [ERROR] [CommonMethods] - [compareWithExpectedElement] Expected value not present in the webpageno such window: target window already closed
from unknown error: web view not found
  (Session info: chrome=63.0.3239.132)
  (Driver info: chromedriver=2.34.522940 (1a76f96f66e3ca7b8e57d503b4dd3bccfba87af1),platform=Windows NT 10.0.16299 x86_64) (WARNING: The server did not provide any stacktrace information)
Command duration or timeout: 0 milliseconds
Build info: version: '3.6.0', revision: '6fbf3ec767', time: '2017-09-27T15:28:36.4Z'
System info: host: 'RAKSAN-HP32', ip: '192.168.0.58', os.name: 'Windows 10', os.arch: 'amd64', os.version: '10.0', java.version: '1.8.0_74'
Driver info: org.openqa.selenium.chrome.ChromeDriver
Capabilities [{mobileEmulationEnabled=false, hasTouchScreen=false, platform=XP, acceptSslCerts=true, webStorageEnabled=true, browserName=chrome, takesScreenshot=true, javascriptEnabled=true, platformName=XP, setWindowRect=true, unexpectedAlertBehaviour=, applicationCacheEnabled=false, rotatable=false, networkConnectionEnabled=false, chrome={chromedriverVersion=2.34.522940 (1a76f96f66e3ca7b8e57d503b4dd3bccfba87af1), userDataDir=C:\Users\Pradeep\AppData\Local\Temp\scoped_dir9400_31918}, takesHeapSnapshot=true, pageLoadStrategy=normal, unhandledPromptBehavior=, databaseEnabled=false, handlesAlerts=true, version=63.0.3239.132, browserConnectionEnabled=false, nativeEvents=true, locationContextEnabled=true, cssSelectorsEnabled=true}]
Session ID: c25af4a6feaae59d742a2027dd39e5e8
*** Element info: {Using=xpath, value=.//*[text()='Login']}
2018-01-19 15:09:37 [ERROR] [CommonMethods] - [compareWithExpectedElement] no such window: target window already closed
from unknown error: web view not found
  (Session info: chrome=63.0.3239.132)
  (Driver info: chromedriver=2.34.522940 (1a76f96f66e3ca7b8e57d503b4dd3bccfba87af1),platform=Windows NT 10.0.16299 x86_64) (WARNING: The server did not provide any stacktrace information)
Command duration or timeout: 0 milliseconds
Build info: version: '3.6.0', revision: '6fbf3ec767', time: '2017-09-27T15:28:36.4Z'
System info: host: 'RAKSAN-HP32', ip: '192.168.0.58', os.name: 'Windows 10', os.arch: 'amd64', os.version: '10.0', java.version: '1.8.0_74'
Driver info: org.openqa.selenium.chrome.ChromeDriver
Capabilities [{mobileEmulationEnabled=false, hasTouchScreen=false, platform=XP, acceptSslCerts=true, webStorageEnabled=true, browserName=chrome, takesScreenshot=true, javascriptEnabled=true, platformName=XP, setWindowRect=true, unexpectedAlertBehaviour=, applicationCacheEnabled=false, rotatable=false, networkConnectionEnabled=false, chrome={chromedriverVersion=2.34.522940 (1a76f96f66e3ca7b8e57d503b4dd3bccfba87af1), userDataDir=C:\Users\Pradeep\AppData\Local\Temp\scoped_dir9400_31918}, takesHeapSnapshot=true, pageLoadStrategy=normal, unhandledPromptBehavior=, databaseEnabled=false, handlesAlerts=true, version=63.0.3239.132, browserConnectionEnabled=false, nativeEvents=true, locationContextEnabled=true, cssSelectorsEnabled=true}]
Session ID: c25af4a6feaae59d742a2027dd39e5e8
*** Element info: {Using=xpath, value=.//*[text()='Login']}
